
> storybook-design-sample@1.0.0 build-storybook
> storybook build -c storybook --output-dir=C:\Users\74525\AppData\Local\Temp\chromatic--27636-HGt8FYJK26Ob --stats-json=C:\Users\74525\AppData\Local\Temp\chromatic--27636-HGt8FYJK26Ob

[1m@storybook/core v8.6.18
[22m
info => Cleaning outputDir: [36m..\..\..\..\..\AppData\Local\Temp\chromatic--27636-HGt8FYJK26Ob[39m
info => Loading presets
info => Building manager..
info => Manager built ([38;2;181;126;229m767 ms[39m)
info => Building preview..
WARN No story files found for the specified pattern: [34mstorybook\stories\**\*.mdx[39m
[36mvite v6.4.2 [32mbuilding for production...[36m[39m
transforming...
[32m✓[39m 131 modules transformed.
rendering chunks...
computing gzip size...
[2m../../../../../AppData/Local/Temp/chromatic--27636-HGt8FYJK26Ob/[22m[32miframe.html                                     [39m[1m[2m 17.85 kB[22m[1m[22m[2m │ gzip:   5.00 kB[22m
[2m../../../../../AppData/Local/Temp/chromatic--27636-HGt8FYJK26Ob/[22m[35massets/preview-0SsyqFDy.css                     [39m[1m[2m 11.75 kB[22m[1m[22m[2m │ gzip:   2.71 kB[22m
[2m../../../../../AppData/Local/Temp/chromatic--27636-HGt8FYJK26Ob/[22m[36massets/_commonjsHelpers-CqkleIqs.js             [39m[1m[2m  0.12 kB[22m[1m[22m[2m │ gzip:   0.13 kB[22m
[2m../../../../../AppData/Local/Temp/chromatic--27636-HGt8FYJK26Ob/[22m[36massets/preview-BywLB6Ja.js                      [39m[1m[2m  0.17 kB[22m[1m[22m[2m │ gzip:   0.16 kB[22m
[2m../../../../../AppData/Local/Temp/chromatic--27636-HGt8FYJK26Ob/[22m[36massets/client-BI9dqGTm.js                       [39m[1m[2m  0.18 kB[22m[1m[22m[2m │ gzip:   0.15 kB[22m
[2m../../../../../AppData/Local/Temp/chromatic--27636-HGt8FYJK26Ob/[22m[36massets/preview-CvbIS5ZJ.js                      [39m[1m[2m  0.18 kB[22m[1m[22m[2m │ gzip:   0.16 kB[22m
[2m../../../../../AppData/Local/Temp/chromatic--27636-HGt8FYJK26Ob/[22m[36massets/index-BhrQtDbT.js                        [39m[1m[2m  0.49 kB[22m[1m[22m[2m │ gzip:   0.31 kB[22m
[2m../../../../../AppData/Local/Temp/chromatic--27636-HGt8FYJK26Ob/[22m[36massets/index-Dx_1l3Sb.js                        [39m[1m[2m  0.52 kB[22m[1m[22m[2m │ gzip:   0.37 kB[22m
[2m../../../../../AppData/Local/Temp/chromatic--27636-HGt8FYJK26Ob/[22m[36massets/Badge-BU_DHVA6.js                        [39m[1m[2m  0.65 kB[22m[1m[22m[2m │ gzip:   0.38 kB[22m
[2m../../../../../AppData/Local/Temp/chromatic--27636-HGt8FYJK26Ob/[22m[36massets/chunk-XP5HYGXS-rhzvizV_.js               [39m[1m[2m  0.71 kB[22m[1m[22m[2m │ gzip:   0.40 kB[22m
[2m../../../../../AppData/Local/Temp/chromatic--27636-HGt8FYJK26Ob/[22m[36massets/preview-DGUiP6tS.js                      [39m[1m[2m  0.71 kB[22m[1m[22m[2m │ gzip:   0.50 kB[22m
[2m../../../../../AppData/Local/Temp/chromatic--27636-HGt8FYJK26Ob/[22m[36massets/index-DrFu-skq.js                        [39m[1m[2m  0.77 kB[22m[1m[22m[2m │ gzip:   0.47 kB[22m
[2m../../../../../AppData/Local/Temp/chromatic--27636-HGt8FYJK26Ob/[22m[36massets/react-18-Dcjcz1Sq.js                     [39m[1m[2m  0.87 kB[22m[1m[22m[2m │ gzip:   0.51 kB[22m
[2m../../../../../AppData/Local/Temp/chromatic--27636-HGt8FYJK26Ob/[22m[36massets/index-Co38GRlK.js                        [39m[1m[2m  0.94 kB[22m[1m[22m[2m │ gzip:   0.57 kB[22m
[2m../../../../../AppData/Local/Temp/chromatic--27636-HGt8FYJK26Ob/[22m[36massets/preview-CRvgVG-J.js                      [39m[1m[2m  0.95 kB[22m[1m[22m[2m │ gzip:   0.60 kB[22m
[2m../../../../../AppData/Local/Temp/chromatic--27636-HGt8FYJK26Ob/[22m[36massets/jsx-runtime-Cf8x2fCZ.js                  [39m[1m[2m  1.00 kB[22m[1m[22m[2m │ gzip:   0.62 kB[22m
[2m../../../../../AppData/Local/Temp/chromatic--27636-HGt8FYJK26Ob/[22m[36massets/Button-D0ozr6Gb.js                       [39m[1m[2m  1.15 kB[22m[1m[22m[2m │ gzip:   0.47 kB[22m
[2m../../../../../AppData/Local/Temp/chromatic--27636-HGt8FYJK26Ob/[22m[36massets/Badge.stories-Ca0CLNLT.js                [39m[1m[2m  1.42 kB[22m[1m[22m[2m │ gzip:   0.56 kB[22m
[2m../../../../../AppData/Local/Temp/chromatic--27636-HGt8FYJK26Ob/[22m[36massets/Button.stories-_SGWhBdV.js               [39m[1m[2m  1.54 kB[22m[1m[22m[2m │ gzip:   0.61 kB[22m
[2m../../../../../AppData/Local/Temp/chromatic--27636-HGt8FYJK26Ob/[22m[36massets/preview-B631EhrZ.js                      [39m[1m[2m  2.22 kB[22m[1m[22m[2m │ gzip:   1.21 kB[22m
[2m../../../../../AppData/Local/Temp/chromatic--27636-HGt8FYJK26Ob/[22m[36massets/DesignTokenCard.stories-C3wUwbz6.js      [39m[1m[2m  2.42 kB[22m[1m[22m[2m │ gzip:   0.95 kB[22m
[2m../../../../../AppData/Local/Temp/chromatic--27636-HGt8FYJK26Ob/[22m[36massets/Panel.stories-Bx-hPG5E.js                [39m[1m[2m  2.79 kB[22m[1m[22m[2m │ gzip:   1.09 kB[22m
[2m../../../../../AppData/Local/Temp/chromatic--27636-HGt8FYJK26Ob/[22m[36massets/preview-DD_OYowb.js                      [39m[1m[2m  3.51 kB[22m[1m[22m[2m │ gzip:   1.69 kB[22m
[2m../../../../../AppData/Local/Temp/chromatic--27636-HGt8FYJK26Ob/[22m[36massets/LoginForm.stories-C4vhnds6.js            [39m[1m[2m  4.22 kB[22m[1m[22m[2m │ gzip:   1.35 kB[22m
[2m../../../../../AppData/Local/Temp/chromatic--27636-HGt8FYJK26Ob/[22m[36massets/CoverSlide.stories-DH4GQdqb.js           [39m[1m[2m  4.90 kB[22m[1m[22m[2m │ gzip:   1.62 kB[22m
[2m../../../../../AppData/Local/Temp/chromatic--27636-HGt8FYJK26Ob/[22m[36massets/preview-B8lJiyuQ.js                      [39m[1m[2m  5.06 kB[22m[1m[22m[2m │ gzip:   1.88 kB[22m
[2m../../../../../AppData/Local/Temp/chromatic--27636-HGt8FYJK26Ob/[22m[36massets/index-yBjzXJbu.js                        [39m[1m[2m  6.79 kB[22m[1m[22m[2m │ gzip:   2.72 kB[22m
[2m../../../../../AppData/Local/Temp/chromatic--27636-HGt8FYJK26Ob/[22m[36massets/LoanApplication.stories-BJdWoYuM.js      [39m[1m[2m  6.97 kB[22m[1m[22m[2m │ gzip:   1.94 kB[22m
[2m../../../../../AppData/Local/Temp/chromatic--27636-HGt8FYJK26Ob/[22m[36massets/preview-BWzBA1C2.js                      [39m[1m[2m  7.62 kB[22m[1m[22m[2m │ gzip:   1.56 kB[22m
[2m../../../../../AppData/Local/Temp/chromatic--27636-HGt8FYJK26Ob/[22m[36massets/preview-BBWR9nbA.js                      [39m[1m[2m  8.12 kB[22m[1m[22m[2m │ gzip:   3.10 kB[22m
[2m../../../../../AppData/Local/Temp/chromatic--27636-HGt8FYJK26Ob/[22m[36massets/LoanApplicationList.stories-CnIbSjej.js  [39m[1m[2m  8.71 kB[22m[1m[22m[2m │ gzip:   2.28 kB[22m
[2m../../../../../AppData/Local/Temp/chromatic--27636-HGt8FYJK26Ob/[22m[36massets/test-utils-CwmFgXWS.js                   [39m[1m[2m 13.09 kB[22m[1m[22m[2m │ gzip:   5.11 kB[22m
[2m../../../../../AppData/Local/Temp/chromatic--27636-HGt8FYJK26Ob/[22m[36massets/Color-YHDXOIA2-DREGtdYg.js               [39m[1m[2m 29.41 kB[22m[1m[22m[2m │ gzip:  11.09 kB[22m
[2m../../../../../AppData/Local/Temp/chromatic--27636-HGt8FYJK26Ob/[22m[36massets/matchers-7Z3WT2CE-T3xScrR7.js            [39m[1m[2m 29.81 kB[22m[1m[22m[2m │ gzip:  10.30 kB[22m
[2m../../../../../AppData/Local/Temp/chromatic--27636-HGt8FYJK26Ob/[22m[36massets/entry-preview-BYV9L_Xs.js                [39m[1m[2m 29.90 kB[22m[1m[22m[2m │ gzip:   9.57 kB[22m
[2m../../../../../AppData/Local/Temp/chromatic--27636-HGt8FYJK26Ob/[22m[36massets/index-B3ijS-tw.js                        [39m[1m[2m 57.15 kB[22m[1m[22m[2m │ gzip:  16.28 kB[22m
[2m../../../../../AppData/Local/Temp/chromatic--27636-HGt8FYJK26Ob/[22m[36massets/index-B6ujFmsw.js                        [39m[1m[2m134.66 kB[22m[1m[22m[2m │ gzip:  43.22 kB[22m
[2m../../../../../AppData/Local/Temp/chromatic--27636-HGt8FYJK26Ob/[22m[36massets/iframe-CIrG1qLr.js                       [39m[1m[2m213.58 kB[22m[1m[22m[2m │ gzip:  72.10 kB[22m
[2m../../../../../AppData/Local/Temp/chromatic--27636-HGt8FYJK26Ob/[22m[36massets/entry-preview-docs-CFqWO3eK.js           [39m[1m[2m247.15 kB[22m[1m[22m[2m │ gzip:  73.46 kB[22m
[2m../../../../../AppData/Local/Temp/chromatic--27636-HGt8FYJK26Ob/[22m[36massets/axe-CUlVnbJO.js                          [39m[1m[33m583.99 kB[39m[22m[2m │ gzip: 160.89 kB[22m
[2m../../../../../AppData/Local/Temp/chromatic--27636-HGt8FYJK26Ob/[22m[36massets/preview-BIuR4HGU.js                      [39m[1m[33m660.73 kB[39m[22m[2m │ gzip: 156.59 kB[22m
[2m../../../../../AppData/Local/Temp/chromatic--27636-HGt8FYJK26Ob/[22m[36massets/index-DH-M5T-F.js                        [39m[1m[33m662.49 kB[39m[22m[2m │ gzip: 157.07 kB[22m
[2m../../../../../AppData/Local/Temp/chromatic--27636-HGt8FYJK26Ob/[22m[36massets/DocsRenderer-CFRXHY34-CZk57jQt.js        [39m[1m[33m888.28 kB[39m[22m[2m │ gzip: 275.91 kB[22m
[32m✓ built in 8.81s[39m
info => Preview built ([38;2;181;126;229m11 s[39m)
info => preview stats written to [36mC:\Users\74525\AppData\Local\Temp\chromatic--27636-HGt8FYJK26Ob\preview-stats.json[39m
info => Output directory: C:\Users\74525\AppData\Local\Temp\chromatic--27636-HGt8FYJK26Ob
